<?xml version="1.0" encoding="UTF-8"?>
<testng-results skipped="0" failed="1" ignored="0" total="2" passed="1">
  <reporter-output>
  </reporter-output>
  <suite name="autoPrac" duration-ms="26563" started-at="2019-06-02T17:08:12Z" finished-at="2019-06-02T17:08:38Z">
    <groups>
    </groups>
    <test name="ShopPageTest" duration-ms="26563" started-at="2019-06-02T17:08:12Z" finished-at="2019-06-02T17:08:38Z">
      <class name="com.practiceAutomation.tests.ShopPageTests">
        <test-method status="PASS" signature="browserSetup()[pri:0, instance:com.practiceAutomation.tests.ShopPageTests@52feb982]" name="browserSetup" is-config="true" duration-ms="11259" started-at="2019-06-02T17:08:12Z" finished-at="2019-06-02T17:08:23Z">
          <reporter-output>
          </reporter-output>
        </test-method> <!-- browserSetup -->
        <test-method status="FAIL" signature="verifySlidersCount()[pri:1, instance:com.practiceAutomation.tests.ShopPageTests@52feb982]" name="verifySlidersCount" duration-ms="8171" started-at="2019-06-02T17:08:23Z" finished-at="2019-06-02T17:08:31Z">
          <exception class="java.lang.AssertionError">
            <message>
              <![CDATA[actualSlidersCount mismatch expected [3] but found [4]]]>
            </message>
            <full-stacktrace>
              <![CDATA[java.lang.AssertionError: actualSlidersCount mismatch expected [3] but found [4]
at org.testng.Assert.fail(Assert.java:96)
at org.testng.Assert.failNotEquals(Assert.java:776)
at org.testng.Assert.assertEqualsImpl(Assert.java:137)
at org.testng.Assert.assertEquals(Assert.java:118)
at org.testng.Assert.assertEquals(Assert.java:652)
at com.practiceAutomation.tests.ShopPageTests.verifySlidersCount(ShopPageTests.java:45)
at sun.reflect.NativeMethodAccessorImpl.invoke0(Native Method)
at sun.reflect.NativeMethodAccessorImpl.invoke(NativeMethodAccessorImpl.java:62)
at sun.reflect.DelegatingMethodAccessorImpl.invoke(DelegatingMethodAccessorImpl.java:43)
at java.lang.reflect.Method.invoke(Method.java:498)
at org.testng.internal.MethodInvocationHelper.invokeMethod(MethodInvocationHelper.java:124)
at org.testng.internal.Invoker.invokeMethod(Invoker.java:583)
at org.testng.internal.Invoker.invokeTestMethod(Invoker.java:719)
at org.testng.internal.Invoker.invokeTestMethods(Invoker.java:989)
at org.testng.internal.TestMethodWorker.invokeTestMethods(TestMethodWorker.java:125)
at org.testng.internal.TestMethodWorker.run(TestMethodWorker.java:109)
at org.testng.TestRunner.privateRun(TestRunner.java:648)
at org.testng.TestRunner.run(TestRunner.java:505)
at org.testng.SuiteRunner.runTest(SuiteRunner.java:455)
at org.testng.SuiteRunner.access$000(SuiteRunner.java:40)
at org.testng.SuiteRunner$SuiteWorker.run(SuiteRunner.java:489)
at org.testng.internal.thread.ThreadUtil$1.call(ThreadUtil.java:52)
at java.util.concurrent.FutureTask.run(FutureTask.java:266)
at java.util.concurrent.ThreadPoolExecutor.runWorker(ThreadPoolExecutor.java:1149)
at java.util.concurrent.ThreadPoolExecutor$Worker.run(ThreadPoolExecutor.java:624)
at java.lang.Thread.run(Thread.java:748)
]]>
            </full-stacktrace>
          </exception> <!-- java.lang.AssertionError -->
          <reporter-output>
          </reporter-output>
        </test-method> <!-- verifySlidersCount -->
        <test-method status="PASS" signature="verifyArriavalsCount()[pri:2, instance:com.practiceAutomation.tests.ShopPageTests@52feb982]" name="verifyArriavalsCount" duration-ms="6879" started-at="2019-06-02T17:08:31Z" finished-at="2019-06-02T17:08:38Z">
          <reporter-output>
          </reporter-output>
        </test-method> <!-- verifyArriavalsCount -->
        <test-method status="PASS" signature="quiteBrowser()[pri:0, instance:com.practiceAutomation.tests.ShopPageTests@52feb982]" name="quiteBrowser" is-config="true" duration-ms="210" started-at="2019-06-02T17:08:38Z" finished-at="2019-06-02T17:08:38Z">
          <reporter-output>
          </reporter-output>
        </test-method> <!-- quiteBrowser -->
      </class> <!-- com.practiceAutomation.tests.ShopPageTests -->
    </test> <!-- ShopPageTest -->
  </suite> <!-- autoPrac -->
</testng-results>
